<?xml version="1.0" encoding="UTF-8"?>
<testng-results skipped="0" failed="0" ignored="0" total="1" passed="1">
  <reporter-output>
  </reporter-output>
  <suite name="Suite" duration-ms="60365" started-at="2021-01-03T16:36:09Z" finished-at="2021-01-03T16:37:09Z">
    <groups>
    </groups>
    <test name="Test" duration-ms="60365" started-at="2021-01-03T16:36:09Z" finished-at="2021-01-03T16:37:09Z">
      <class name="maventutorial.AppiumFramework.ApiDemoTest">
        <test-method status="PASS" signature="setupTest()[pri:0, instance:maventutorial.AppiumFramework.ApiDemoTest@2bbf180e]" name="setupTest" is-config="true" duration-ms="11521" started-at="2021-01-03T16:36:09Z" finished-at="2021-01-03T16:36:20Z">
          <reporter-output>
          </reporter-output>
        </test-method> <!-- setupTest -->
        <test-method status="PASS" signature="apiDemo(java.lang.String)[pri:0, instance:maventutorial.AppiumFramework.ApiDemoTest@2bbf180e]" name="apiDemo" duration-ms="44864" started-at="2021-01-03T16:36:20Z" data-provider="InputData" finished-at="2021-01-03T16:37:05Z">
          <params>
            <param index="0">
              <value>
                <![CDATA[hello]]>
              </value>
            </param>
          </params>
          <reporter-output>
          </reporter-output>
        </test-method> <!-- apiDemo -->
        <test-method status="PASS" signature="teardownTest()[pri:0, instance:maventutorial.AppiumFramework.ApiDemoTest@2bbf180e]" name="teardownTest" is-config="true" duration-ms="3918" started-at="2021-01-03T16:37:05Z" finished-at="2021-01-03T16:37:09Z">
          <reporter-output>
          </reporter-output>
        </test-method> <!-- teardownTest -->
      </class> <!-- maventutorial.AppiumFramework.ApiDemoTest -->
    </test> <!-- Test -->
  </suite> <!-- Suite -->
</testng-results>
