<?xml version="1.0" encoding="UTF-8"?>
<testng-results ignored="0" total="1" passed="1" failed="0" skipped="0">
  <reporter-output>
  </reporter-output>
  <suite started-at="2021-01-03T13:32:40 GMT-03:00" name="Suite" finished-at="2021-01-03T13:35:12 GMT-03:00" duration-ms="152140">
    <groups>
    </groups>
    <test started-at="2021-01-03T13:32:40 GMT-03:00" name="Test" finished-at="2021-01-03T13:35:12 GMT-03:00" duration-ms="152140">
      <class name="maventutorial.AppiumFramework.ApiDemoTest">
        <test-method is-config="true" signature="setupTest()[pri:0, instance:maventutorial.AppiumFramework.ApiDemoTest@4d0f2471]" started-at="2021-01-03T13:32:40 GMT-03:00" name="setupTest" finished-at="2021-01-03T13:33:24 GMT-03:00" duration-ms="43915" status="PASS">
          <reporter-output>
          </reporter-output>
        </test-method> <!-- setupTest -->
        <test-method signature="apiDemo(java.lang.String)[pri:0, instance:maventutorial.AppiumFramework.ApiDemoTest@4d0f2471]" started-at="2021-01-03T13:33:24 GMT-03:00" name="apiDemo" data-provider="InputData" finished-at="2021-01-03T13:35:08 GMT-03:00" duration-ms="103907" status="PASS">
          <params>
            <param index="0">
              <value>
                <![CDATA[hello]]>
              </value>
            </param>
          </params>
          <reporter-output>
          </reporter-output>
        </test-method> <!-- apiDemo -->
        <test-method is-config="true" signature="teardownTest()[pri:0, instance:maventutorial.AppiumFramework.ApiDemoTest@4d0f2471]" started-at="2021-01-03T13:35:08 GMT-03:00" name="teardownTest" finished-at="2021-01-03T13:35:12 GMT-03:00" duration-ms="4229" status="PASS">
          <reporter-output>
          </reporter-output>
        </test-method> <!-- teardownTest -->
      </class> <!-- maventutorial.AppiumFramework.ApiDemoTest -->
    </test> <!-- Test -->
  </suite> <!-- Suite -->
</testng-results>
